<?xml version="1.0" encoding="UTF-8"?>
<testsuite xmlns:xsi="http://www.w3.org/2001/XMLSchema-instance" xsi:noNamespaceSchemaLocation="https://maven.apache.org/surefire/maven-surefire-plugin/xsd/surefire-test-report.xsd" version="3.0.2" name="com.scb.tripsystem.TripsystemApplicationTests" time="8.896" tests="1" errors="0" skipped="0" failures="0" flakes="0">
  <properties>
[...]
</properties>
  <testcase name="contextLoads" classname="com.scb.tripsystem.TripsystemApplicationTests" time="0.367">
    <system-out><![CDATA[15:57:32.206 [main] INFO org.springframework.test.context.support.AnnotationConfigContextLoaderUtils -- Could not detect default configuration classes for test class [com.scb.tripsystem.TripsystemApplicationTests]: TripsystemApplicationTests does not declare any static, non-private, non-final, nested classes annotated with @Configuration.
15:57:32.323 [main] INFO org.springframework.boot.test.context.SpringBootTestContextBootstrapper -- Found @SpringBootConfiguration com.scb.tripsystem.TripsystemApplication for test class com.scb.tripsystem.TripsystemApplicationTests
15:57:32.414 [main] INFO org.springframework.test.context.support.AnnotationConfigContextLoaderUtils -- Could not detect default configuration classes for test class [com.scb.tripsystem.TripsystemApplicationTests]: TripsystemApplicationTests does not declare any static, non-private, non-final, nested classes annotated with @Configuration.
15:57:32.416 [main] INFO org.springframework.boot.test.context.SpringBootTestContextBootstrapper -- Found @SpringBootConfiguration com.scb.tripsystem.TripsystemApplication for test class com.scb.tripsystem.TripsystemApplicationTests
15:57:32.512 [main] INFO org.springframework.boot.devtools.restart.RestartApplicationListener -- Restart disabled due to context in which it is running

  .   ____          _            __ _ _
 /\\ / ___'_ __ _ _(_)_ __  __ _ \ \ \ \
( ( )\___ | '_ | '_| | '_ \/ _` | \ \ \ \
 \\/  ___)| |_)| | | | | || (_| |  ) ) ) )
  '  |____| .__|_| |_|_| |_\__, | / / / /
 =========|_|==============|___/=/_/_/_/

 :: Spring Boot ::                (v4.1.0)

2026-08-10T15:57:32.835+03:00  INFO 22348 --- [tripsystem-test] [           main] c.s.t.TripsystemApplicationTests         : Starting TripsystemApplicationTests using Java 21.0.11 with PID 22348 (started by moaz in C:\Users\moaz\Desktop\SCB TRIP MNG PROJECT\tripsystem-Back\tripsystem-Back)
2026-08-10T15:57:32.836+03:00  INFO 22348 --- [tripsystem-test] [           main] c.s.t.TripsystemApplicationTests         : No active profile set, falling back to 1 default profile: "default"
2026-08-10T15:57:33.984+03:00  INFO 22348 --- [tripsystem-test] [           main] .s.d.r.c.RepositoryConfigurationDelegate : Bootstrapping Spring Data JPA repositories in DEFAULT mode.
2026-08-10T15:57:34.067+03:00  INFO 22348 --- [tripsystem-test] [           main] .s.d.r.c.RepositoryConfigurationDelegate : Finished Spring Data repository scanning in 71 ms. Found 9 JPA repository interfaces.
2026-08-10T15:57:34.891+03:00  INFO 22348 --- [tripsystem-test] [           main] org.hibernate.orm.jpa                    : HHH008540: Processing PersistenceUnitInfo [name: default]
2026-08-10T15:57:35.065+03:00  INFO 22348 --- [tripsystem-test] [           main] org.hibernate.orm.core                   : HHH000001: Hibernate ORM core version 7.4.1.Final
2026-08-10T15:57:35.572+03:00  INFO 22348 --- [tripsystem-test] [           main] o.s.o.j.p.SpringPersistenceUnitInfo      : No LoadTimeWeaver setup: ignoring JPA class transformer
2026-08-10T15:57:35.599+03:00  INFO 22348 --- [tripsystem-test] [           main] com.zaxxer.hikari.HikariDataSource       : HikariPool-1 - Starting...
2026-08-10T15:57:35.964+03:00  INFO 22348 --- [tripsystem-test] [           main] com.zaxxer.hikari.pool.HikariPool        : HikariPool-1 - Added connection conn0: url=jdbc:h2:mem:trips user=SA
2026-08-10T15:57:35.966+03:00  INFO 22348 --- [tripsystem-test] [           main] com.zaxxer.hikari.HikariDataSource       : HikariPool-1 - Start completed.
2026-08-10T15:57:35.989+03:00  WARN 22348 --- [tripsystem-test] [           main] org.hibernate.orm.deprecation            : HHH90000025: H2Dialect does not need to be specified explicitly using 'hibernate.dialect' (remove the property setting and it will be selected by default)
2026-08-10T15:57:36.019+03:00  INFO 22348 --- [tripsystem-test] [           main] org.hibernate.orm.connections.pooling    : HHH10001005: Database info:
	Database JDBC URL [jdbc:h2:mem:trips]
	Database driver: H2 JDBC Driver
	Database dialect: H2Dialect
	Database version: 2.4.240
	Default catalog/schema: TRIPS/PUBLIC
	Autocommit mode: undefined/unknown
	Isolation level: READ_COMMITTED [default READ_COMMITTED]
	JDBC fetch size: 100
	Pool: DataSourceConnectionProvider
	Minimum pool size: undefined/unknown
	Maximum pool size: undefined/unknown
2026-08-10T15:57:37.144+03:00  INFO 22348 --- [tripsystem-test] [           main] org.hibernate.orm.core                   : HHH000489: No JTA platform available (set 'hibernate.transaction.jta.platform' to enable JTA platform integration)
Hibernate: drop table if exists application_participants cascade 
Hibernate: drop table if exists applications cascade 
Hibernate: drop table if exists approval_history cascade 
Hibernate: drop table if exists batches cascade 
Hibernate: drop table if exists departments cascade 
Hibernate: drop table if exists employees cascade 
Hibernate: drop table if exists roles cascade 
Hibernate: drop table if exists status cascade 
Hibernate: drop table if exists trips cascade 
Hibernate: create table application_participants (date_of_birth date, application_id bigint not null, participant_id bigint generated by default as identity, full_name varchar(255), relationship varchar(255), primary key (participant_id))
Hibernate: create table applications (rooms_requested integer, total_price numeric(38,2), application_id bigint generated by default as identity, batch_id bigint not null, employee_id bigint not null, selected_at timestamp(6), status_id bigint, trip_id bigint not null, pickup_point varchar(255), selection_method varchar(255), transport_type varchar(255), primary key (application_id))
Hibernate: create table approval_history (action_at timestamp(6), action_by bigint, application_id bigint not null, history_id bigint generated by default as identity, action varchar(255), comments varchar(255), role_at_action varchar(255), primary key (history_id))
Hibernate: create table batches (end_date date, is_active boolean, number_of_rooms integer, start_date date, batch_id bigint generated by default as identity, created_at timestamp(6), created_by bigint, trip_id bigint not null, primary key (batch_id))
Hibernate: create table departments (is_active boolean, created_at timestamp(6), department_id bigint generated by default as identity, department_name varchar(255), primary key (department_id))
Hibernate: create table employees (is_active boolean, created_at timestamp(6), created_by bigint, department_id bigint, employee_id bigint generated by default as identity, manager_id bigint, role_id bigint, email varchar(255), employee_number varchar(255) unique, full_name varchar(255), password varchar(255), primary key (employee_id))
Hibernate: create table roles (is_active boolean, role_id bigint generated by default as identity, role_name varchar(255), primary key (role_id))
Hibernate: create table status (status_id bigint generated by default as identity, status_name varchar(255), primary key (status_id))
Hibernate: create table trips (confirmed_quota integer, duration_days integer, waitlist_quota integer, created_at timestamp(6), created_by bigint, registration_close timestamp(6), registration_open timestamp(6), status_id bigint, trip_id bigint generated by default as identity, allocation_method varchar(255), announcement_message varchar(255), destination varchar(255), title varchar(255), primary key (trip_id))
Hibernate: alter table if exists application_participants add constraint FKq1y7nc245di1g8jisxo9s6bvt foreign key (application_id) references applications
Hibernate: alter table if exists applications add constraint FKn12cfwo275diqdcubuypwpt2g foreign key (batch_id) references batches
Hibernate: alter table if exists applications add constraint FKj97w4uu5lmjqfa6tthy3iae3i foreign key (employee_id) references employees
Hibernate: alter table if exists applications add constraint FK841a1nx3yojqmuucwmo71dfkn foreign key (status_id) references status
Hibernate: alter table if exists applications add constraint FKcyd4oasu45x2wfm1tsferpepx foreign key (trip_id) references trips
Hibernate: alter table if exists approval_history add constraint FK4aij3b1vsq3p9louekgadvk92 foreign key (action_by) references employees
Hibernate: alter table if exists approval_history add constraint FK8ok07o2rq1wuwsb2wum55ga0 foreign key (application_id) references applications
Hibernate: alter table if exists batches add constraint FK1sgmmh7rkxc80q4e3e48mvh2y foreign key (created_by) references employees
Hibernate: alter table if exists batches add constraint FKh5qfwkg5q560todqgikcy8117 foreign key (trip_id) references trips
Hibernate: alter table if exists employees add constraint FK4xxve990vv5nd2qbdj4i6m21h foreign key (created_by) references employees
Hibernate: alter table if exists employees add constraint FKgy4qe3dnqrm3ktd76sxp7n4c2 foreign key (department_id) references departments
Hibernate: alter table if exists employees add constraint FKi4365uo9af35g7jtbc2rteukt foreign key (manager_id) references employees
Hibernate: alter table if exists employees add constraint FKah490190ww1q2a4piuv41hk6e foreign key (role_id) references roles
Hibernate: alter table if exists trips add constraint FK807vp8s0pohl41g63sls55904 foreign key (created_by) references employees
Hibernate: alter table if exists trips add constraint FK7tm4bqa5mqniies2gcrniyy4a foreign key (status_id) references status
2026-08-10T15:57:37.255+03:00  INFO 22348 --- [tripsystem-test] [           main] j.LocalContainerEntityManagerFactoryBean : Initialized JPA EntityManagerFactory for persistence unit 'default'
2026-08-10T15:57:37.419+03:00  INFO 22348 --- [tripsystem-test] [           main] o.s.d.j.r.query.QueryEnhancerFactories   : Hibernate is in classpath; If applicable, HQL parser will be used.
2026-08-10T15:57:39.037+03:00  WARN 22348 --- [tripsystem-test] [           main] JpaBaseConfiguration$JpaWebConfiguration : spring.jpa.open-in-view is enabled by default. Therefore, database queries may be performed during view rendering. Explicitly configure spring.jpa.open-in-view to disable this warning
2026-08-10T15:57:39.214+03:00  INFO 22348 --- [tripsystem-test] [           main] r$InitializeUserDetailsManagerConfigurer : Global AuthenticationManager configured with UserDetailsService bean with name customUserDetailsService
2026-08-10T15:57:40.075+03:00  INFO 22348 --- [tripsystem-test] [           main] c.s.t.TripsystemApplicationTests         : Started TripsystemApplicationTests in 7.584 seconds (process running for 9.004)
Hibernate: select count(*) from status s1_0
Hibernate: insert into status (status_name,status_id) values (?,default)
Hibernate: insert into status (status_name,status_id) values (?,default)
Hibernate: insert into status (status_name,status_id) values (?,default)
Hibernate: insert into status (status_name,status_id) values (?,default)
Hibernate: select count(*) from employees e1_0
Hibernate: insert into employees (created_at,created_by,department_id,email,employee_number,full_name,is_active,manager_id,password,role_id,employee_id) values (?,?,?,?,?,?,?,?,?,?,default)
Hibernate: select e1_0.employee_id,e1_0.created_at,e1_0.created_by,e1_0.department_id,e1_0.email,e1_0.employee_number,e1_0.full_name,e1_0.is_active,e1_0.manager_id,e1_0.password,e1_0.role_id from employees e1_0 where e1_0.employee_id=?
Hibernate: update employees set created_at=?,created_by=?,department_id=?,email=?,employee_number=?,full_name=?,is_active=?,manager_id=?,password=?,role_id=? where employee_id=?
Hibernate: select count(*) from trips t1_0
Hibernate: select s1_0.status_id,s1_0.status_name from status s1_0 where s1_0.status_name=?
Hibernate: select e1_0.employee_id,e1_0.created_at,e1_0.created_by,e1_0.department_id,e1_0.email,e1_0.employee_number,e1_0.full_name,e1_0.is_active,e1_0.manager_id,e1_0.password,e1_0.role_id from employees e1_0 where e1_0.employee_number=?
Hibernate: insert into trips (allocation_method,announcement_message,confirmed_quota,created_at,created_by,destination,duration_days,registration_close,registration_open,status_id,title,waitlist_quota,trip_id) values (?,?,?,?,?,?,?,?,?,?,?,?,default)
Hibernate: insert into batches (created_at,created_by,end_date,is_active,number_of_rooms,start_date,trip_id,batch_id) values (?,?,?,?,?,?,?,default)
]]></system-out>
    <system-err><![CDATA[Mockito is currently self-attaching to enable the inline-mock-maker. This will no longer work in future releases of the JDK. Please add Mockito as an agent to your build as described in Mockito's documentation: https://javadoc.io/doc/org.mockito/mockito-core/latest/org.mockito/org/mockito/Mockito.html#0.3
WARNING: A Java agent has been loaded dynamically (C:\Users\moaz\.m2\repository\net\bytebuddy\byte-buddy-agent\1.18.10\byte-buddy-agent-1.18.10.jar)
WARNING: If a serviceability tool is in use, please run with -XX:+EnableDynamicAgentLoading to hide this warning
WARNING: If a serviceability tool is not in use, please run with -Djdk.instrument.traceUsage for more information
WARNING: Dynamic loading of agents will be disallowed by default in a future release
]]></system-err>
  </testcase>
</testsuite>